2024-07-10 08:58:09 - 322e92e6-3187-4785-8ecb-7c28c9dc8677 - info - Input params::POST - /api/v1/e-commerce/upload/image - {}
2024-07-10 09:02:46 - 0ddbb20f-ecfe-4b14-9518-b8799ab0c512 - info - Input params::POST - /api/v1/e-commerce/upload/image - {}
2024-07-10 21:18:56 - b09983d4-0b29-4981-9328-c678cfdd7c67 - info - Input params::POST - /api/v1/e-commerce/upload/aws-s3 - {}
2024-07-10 21:26:38 - a43c5218-08d5-4d1b-8b27-764afb8d2187 - info - Input params::POST - /api/v1/e-commerce/upload/aws-s3 - {}
2024-07-10 21:26:38 - a43c5218-08d5-4d1b-8b27-764afb8d2187 - error - Error uploading to Cloudinary - /api/v1/e-commerce/upload/aws-s3 - {"message":"500 - 2ms - response: \"Error uploading to Cloudinary\""}
2024-07-10 21:43:12 - 29d0bf93-d797-4a46-afd9-cb5e143ce235 - info - Input params::POST - /api/v1/e-commerce/upload/aws-s3 - {}
2024-07-10 21:43:12 - 29d0bf93-d797-4a46-afd9-cb5e143ce235 - error - Error uploading to Cloudinary - /api/v1/e-commerce/upload/aws-s3 - {"message":"500 - 1ms - response: \"Error uploading to Cloudinary\""}
2024-07-10 21:43:51 - 1a748e5e-14b1-4091-bf21-f615807c1c6c - info - Input params::POST - /api/v1/e-commerce/upload/aws-s3 - {}
2024-07-10 21:43:51 - 1a748e5e-14b1-4091-bf21-f615807c1c6c - error - Error uploading to  - /api/v1/e-commerce/upload/aws-s3 - {"message":"500 - 3ms - response: \"Error uploading to \""}
2024-07-10 21:44:26 - caa2e282-7aa4-4e6d-aca5-07d46af00e38 - info - Input params::POST - /api/v1/e-commerce/upload/aws-s3 - {}
2024-07-10 21:44:26 - caa2e282-7aa4-4e6d-aca5-07d46af00e38 - error - Error uploading to aws s3 - /api/v1/e-commerce/upload/aws-s3 - {"message":"500 - 1ms - response: \"Error uploading to aws s3\""}
2024-07-10 21:46:31 - fb0c9702-4e39-4c33-b481-17c93392bae8 - info - Input params::POST - /api/v1/e-commerce/upload/aws-s3 - {}
2024-07-10 21:46:31 - fb0c9702-4e39-4c33-b481-17c93392bae8 - error - Error uploading to aws s3 - /api/v1/e-commerce/upload/aws-s3 - {"message":"500 - 1ms - response: \"Error uploading to aws s3\""}
2024-07-10 21:49:27 - 8eae5d31-f85d-41a6-977e-45e2cd3d4cce - info - Input params::POST - /api/v1/e-commerce/upload/aws-s3 - {}
2024-07-10 21:49:27 - 8eae5d31-f85d-41a6-977e-45e2cd3d4cce - error - Error uploading to aws s3 - /api/v1/e-commerce/upload/aws-s3 - {"message":"500 - 1ms - response: \"Error uploading to aws s3\""}
2024-07-10 21:50:50 - edf68dd5-e828-4364-a766-d9a2c501302c - info - Input params::POST - /api/v1/e-commerce/upload/aws-s3 - {}
2024-07-10 21:50:50 - edf68dd5-e828-4364-a766-d9a2c501302c - error - Error uploading to aws s3 - /api/v1/e-commerce/upload/aws-s3 - {"message":"500 - 1ms - response: \"Error uploading to aws s3\""}
2024-07-10 21:52:35 - 721ce817-1a37-4d38-b172-e5c61bc1ac59 - info - Input params::POST - /api/v1/e-commerce/upload/aws-s3 - {}
2024-07-10 21:52:35 - 721ce817-1a37-4d38-b172-e5c61bc1ac59 - error - Error uploading to aws s3 - /api/v1/e-commerce/upload/aws-s3 - {"message":"500 - 2ms - response: \"Error uploading to aws s3\""}
2024-07-10 21:53:54 - ecb64825-aedc-4f26-b9d8-6ee5d3a88ef4 - info - Input params::POST - /api/v1/e-commerce/upload/aws-s3 - {}
2024-07-10 21:53:54 - ecb64825-aedc-4f26-b9d8-6ee5d3a88ef4 - error - Error uploading to aws s3 - /api/v1/e-commerce/upload/aws-s3 - {"message":"500 - 2ms - response: \"Error uploading to aws s3\""}
2024-07-10 21:56:56 - 448f35c2-9eb6-487c-b2d7-9ff7975d4976 - info - Input params::POST - /api/v1/e-commerce/upload/aws-s3 - {}
2024-07-10 21:57:40 - b7450d46-748a-4e90-ac59-c9ad89d4f4ac - info - Input params::POST - /api/v1/e-commerce/upload/aws-s3 - {}
2024-07-10 21:58:24 - afd6bb11-a954-4302-bc50-c47e4204af44 - info - Input params::POST - /api/v1/e-commerce/upload/aws-s3 - {}
2024-07-10 21:58:24 - afd6bb11-a954-4302-bc50-c47e4204af44 - error - Error uploading to aws s3 - /api/v1/e-commerce/upload/aws-s3 - {"message":"500 - 1ms - response: \"Error uploading to aws s3\""}
2024-07-10 22:03:00 - 47e30dc5-6bcd-46b3-b53f-a854ef429e32 - info - Input params::POST - /api/v1/e-commerce/upload/aws-s3 - {}
2024-07-10 22:03:01 - 47e30dc5-6bcd-46b3-b53f-a854ef429e32 - error - Error uploading to aws s3 - /api/v1/e-commerce/upload/aws-s3 - {"message":"500 - 2ms - response: \"Error uploading to aws s3\""}
2024-07-10 22:03:59 - 9c39814d-5015-4d84-bbc2-c44f5f4ad381 - info - Input params::POST - /api/v1/e-commerce/upload/aws-s3 - {}
2024-07-10 22:03:59 - 9c39814d-5015-4d84-bbc2-c44f5f4ad381 - error - Error uploading to aws s3 - /api/v1/e-commerce/upload/aws-s3 - {"message":"500 - 2ms - response: \"Error uploading to aws s3\""}
2024-07-10 22:05:01 - f8ddfd20-9e91-41f3-b847-411752ecf6fc - info - Input params::POST - /api/v1/e-commerce/upload/aws-s3 - {}
2024-07-10 22:05:01 - f8ddfd20-9e91-41f3-b847-411752ecf6fc - error - Error uploading to aws s3 - /api/v1/e-commerce/upload/aws-s3 - {"message":"500 - 2ms - response: \"Error uploading to aws s3\""}
2024-07-10 22:05:42 - 6023cfeb-ef4f-4900-a3fa-c5a7e941b4b0 - info - Input params::POST - /api/v1/e-commerce/upload/aws-s3 - {}
2024-07-10 22:07:50 - 42c95027-5978-4ec9-a1f7-02a69d5d3a0f - info - Input params::POST - /api/v1/e-commerce/upload/aws-s3 - {}
2024-07-10 22:27:53 - 5f51a4f5-875c-4ffc-8b51-baef06712ccc - info - Input params::POST - /api/v1/e-commerce/upload/aws-s3 - {}
2024-07-10 22:30:47 - ef390318-f9d8-4e28-836b-f6f9700ff8e9 - info - Input params::POST - /api/v1/e-commerce/upload/aws-s3 - {}
2024-07-10 22:32:07 - 732c095c-44c9-48f3-a0c3-b118ff79917f - info - Input params::POST - /api/v1/e-commerce/upload/aws-s3 - {}
2024-07-10 22:33:20 - a4752e9b-b030-4d21-82ec-09b9871bfdcb - info - Input params::POST - /api/v1/e-commerce/upload/aws-s3 - {}
2024-07-10 22:35:53 - bc3b8b8a-6b3c-4edd-a487-0b36a20917f0 - info - Input params::POST - /api/v1/e-commerce/upload/aws-s3 - {}
2024-07-10 22:39:58 - 134f3aea-ea8c-4eb1-8c73-d270658bedb1 - info - Input params::POST - /api/v1/e-commerce/upload/aws-s3 - {}
2024-07-10 22:41:19 - 342bbc43-5426-4af0-ba21-e1b56b59d800 - info - Input params::POST - /api/v1/e-commerce/upload/aws-s3 - {}
